e:\books\year 4\semster 2\focp\cie202-proj-s2018\drawing-for-kids\debug\pt project.bsc
e:\books\year 4\semster 2\focp\cie202-proj-s2018\drawing-for-kids\debug\vc120.pdb
e:\books\year 4\semster 2\focp\cie202-proj-s2018\drawing-for-kids\debug\vc120.idb
e:\books\year 4\semster 2\focp\cie202-proj-s2018\drawing-for-kids\debug\main.sbr
e:\books\year 4\semster 2\focp\cie202-proj-s2018\drawing-for-kids\debug\gui.sbr
e:\books\year 4\semster 2\focp\cie202-proj-s2018\drawing-for-kids\debug\csquare.sbr
e:\books\year 4\semster 2\focp\cie202-proj-s2018\drawing-for-kids\debug\chexagon.sbr
e:\books\year 4\semster 2\focp\cie202-proj-s2018\drawing-for-kids\debug\cfigure.sbr
e:\books\year 4\semster 2\focp\cie202-proj-s2018\drawing-for-kids\debug\cellipse.sbr
e:\books\year 4\semster 2\focp\cie202-proj-s2018\drawing-for-kids\debug\windowinput.sbr
e:\books\year 4\semster 2\focp\cie202-proj-s2018\drawing-for-kids\debug\mousequeue.sbr
e:\books\year 4\semster 2\focp\cie202-proj-s2018\drawing-for-kids\debug\keyqueue.sbr
e:\books\year 4\semster 2\focp\cie202-proj-s2018\drawing-for-kids\debug\image.sbr
e:\books\year 4\semster 2\focp\cie202-proj-s2018\drawing-for-kids\debug\cmugraphics.sbr
e:\books\year 4\semster 2\focp\cie202-proj-s2018\drawing-for-kids\debug\auxil.sbr
e:\books\year 4\semster 2\focp\cie202-proj-s2018\drawing-for-kids\debug\applicationmanager.sbr
e:\books\year 4\semster 2\focp\cie202-proj-s2018\drawing-for-kids\debug\actionundo.sbr
e:\books\year 4\semster 2\focp\cie202-proj-s2018\drawing-for-kids\debug\actionsendback.sbr
e:\books\year 4\semster 2\focp\cie202-proj-s2018\drawing-for-kids\debug\actionselect.sbr
e:\books\year 4\semster 2\focp\cie202-proj-s2018\drawing-for-kids\debug\actionsave.sbr
e:\books\year 4\semster 2\focp\cie202-proj-s2018\drawing-for-kids\debug\actionrotate.sbr
e:\books\year 4\semster 2\focp\cie202-proj-s2018\drawing-for-kids\debug\actionrestart.sbr
e:\books\year 4\semster 2\focp\cie202-proj-s2018\drawing-for-kids\debug\actionresize.sbr
e:\books\year 4\semster 2\focp\cie202-proj-s2018\drawing-for-kids\debug\actionresize.obj
e:\books\year 4\semster 2\focp\cie202-proj-s2018\drawing-for-kids\debug\actionrestart.obj
e:\books\year 4\semster 2\focp\cie202-proj-s2018\drawing-for-kids\debug\actionrotate.obj
e:\books\year 4\semster 2\focp\cie202-proj-s2018\drawing-for-kids\debug\actionsave.obj
e:\books\year 4\semster 2\focp\cie202-proj-s2018\drawing-for-kids\debug\actionselect.obj
e:\books\year 4\semster 2\focp\cie202-proj-s2018\drawing-for-kids\debug\actionsendback.obj
e:\books\year 4\semster 2\focp\cie202-proj-s2018\drawing-for-kids\debug\actionundo.obj
e:\books\year 4\semster 2\focp\cie202-proj-s2018\drawing-for-kids\debug\applicationmanager.obj
e:\books\year 4\semster 2\focp\cie202-proj-s2018\drawing-for-kids\debug\auxil.obj
e:\books\year 4\semster 2\focp\cie202-proj-s2018\drawing-for-kids\debug\cmugraphics.obj
e:\books\year 4\semster 2\focp\cie202-proj-s2018\drawing-for-kids\debug\image.obj
e:\books\year 4\semster 2\focp\cie202-proj-s2018\drawing-for-kids\debug\keyqueue.obj
e:\books\year 4\semster 2\focp\cie202-proj-s2018\drawing-for-kids\debug\mousequeue.obj
e:\books\year 4\semster 2\focp\cie202-proj-s2018\drawing-for-kids\debug\windowinput.obj
e:\books\year 4\semster 2\focp\cie202-proj-s2018\drawing-for-kids\debug\cellipse.obj
e:\books\year 4\semster 2\focp\cie202-proj-s2018\drawing-for-kids\debug\cfigure.obj
e:\books\year 4\semster 2\focp\cie202-proj-s2018\drawing-for-kids\debug\chexagon.obj
e:\books\year 4\semster 2\focp\cie202-proj-s2018\drawing-for-kids\debug\csquare.obj
e:\books\year 4\semster 2\focp\cie202-proj-s2018\drawing-for-kids\debug\gui.obj
e:\books\year 4\semster 2\focp\cie202-proj-s2018\drawing-for-kids\debug\main.obj
e:\books\year 4\semster 2\focp\cie202-proj-s2018\drawing-for-kids\debug\actionredo.sbr
e:\books\year 4\semster 2\focp\cie202-proj-s2018\drawing-for-kids\debug\actionplaymode.sbr
e:\books\year 4\semster 2\focp\cie202-proj-s2018\drawing-for-kids\debug\actionmove.sbr
e:\books\year 4\semster 2\focp\cie202-proj-s2018\drawing-for-kids\debug\actionload.sbr
e:\books\year 4\semster 2\focp\cie202-proj-s2018\drawing-for-kids\debug\actiongetcolor.sbr
e:\books\year 4\semster 2\focp\cie202-proj-s2018\drawing-for-kids\debug\actionfigcolor.sbr
e:\books\year 4\semster 2\focp\cie202-proj-s2018\drawing-for-kids\debug\actionfig.sbr
e:\books\year 4\semster 2\focp\cie202-proj-s2018\drawing-for-kids\debug\actiondrawmode.sbr
e:\books\year 4\semster 2\focp\cie202-proj-s2018\drawing-for-kids\debug\actiondelete.sbr
e:\books\year 4\semster 2\focp\cie202-proj-s2018\drawing-for-kids\debug\actioncolor.sbr
e:\books\year 4\semster 2\focp\cie202-proj-s2018\drawing-for-kids\debug\actionchangefc.sbr
e:\books\year 4\semster 2\focp\cie202-proj-s2018\drawing-for-kids\debug\actionchangedc.sbr
e:\books\year 4\semster 2\focp\cie202-proj-s2018\drawing-for-kids\debug\actionbringfront.sbr
e:\books\year 4\semster 2\focp\cie202-proj-s2018\drawing-for-kids\debug\actionaddsquare.sbr
e:\books\year 4\semster 2\focp\cie202-proj-s2018\drawing-for-kids\debug\actionaddhexagon.sbr
e:\books\year 4\semster 2\focp\cie202-proj-s2018\drawing-for-kids\debug\actionaddellipse.sbr
e:\books\year 4\semster 2\focp\cie202-proj-s2018\drawing-for-kids\debug\actionaddellipse.obj
e:\books\year 4\semster 2\focp\cie202-proj-s2018\drawing-for-kids\debug\actionaddhexagon.obj
e:\books\year 4\semster 2\focp\cie202-proj-s2018\drawing-for-kids\debug\actionaddsquare.obj
e:\books\year 4\semster 2\focp\cie202-proj-s2018\drawing-for-kids\debug\actionbringfront.obj
e:\books\year 4\semster 2\focp\cie202-proj-s2018\drawing-for-kids\debug\actionchangedc.obj
e:\books\year 4\semster 2\focp\cie202-proj-s2018\drawing-for-kids\debug\actionchangefc.obj
e:\books\year 4\semster 2\focp\cie202-proj-s2018\drawing-for-kids\debug\actioncolor.obj
e:\books\year 4\semster 2\focp\cie202-proj-s2018\drawing-for-kids\debug\actiondelete.obj
e:\books\year 4\semster 2\focp\cie202-proj-s2018\drawing-for-kids\debug\actiondrawmode.obj
e:\books\year 4\semster 2\focp\cie202-proj-s2018\drawing-for-kids\debug\actionfig.obj
e:\books\year 4\semster 2\focp\cie202-proj-s2018\drawing-for-kids\debug\actionfigcolor.obj
e:\books\year 4\semster 2\focp\cie202-proj-s2018\drawing-for-kids\debug\actiongetcolor.obj
e:\books\year 4\semster 2\focp\cie202-proj-s2018\drawing-for-kids\debug\actionload.obj
e:\books\year 4\semster 2\focp\cie202-proj-s2018\drawing-for-kids\debug\actionmove.obj
e:\books\year 4\semster 2\focp\cie202-proj-s2018\drawing-for-kids\debug\actionplaymode.obj
e:\books\year 4\semster 2\focp\cie202-proj-s2018\drawing-for-kids\debug\actionredo.obj
e:\books\year 4\semster 2\focp\cie202-proj-s2018\drawing-for-kids\debug\jutils.sbr
e:\books\year 4\semster 2\focp\cie202-proj-s2018\drawing-for-kids\debug\jquant2.sbr
e:\books\year 4\semster 2\focp\cie202-proj-s2018\drawing-for-kids\debug\jquant1.sbr
e:\books\year 4\semster 2\focp\cie202-proj-s2018\drawing-for-kids\debug\jmemnobs.sbr
e:\books\year 4\semster 2\focp\cie202-proj-s2018\drawing-for-kids\debug\jmemmgr.sbr
e:\books\year 4\semster 2\focp\cie202-proj-s2018\drawing-for-kids\debug\jidctred.sbr
e:\books\year 4\semster 2\focp\cie202-proj-s2018\drawing-for-kids\debug\jidctint.sbr
e:\books\year 4\semster 2\focp\cie202-proj-s2018\drawing-for-kids\debug\jidctfst.sbr
e:\books\year 4\semster 2\focp\cie202-proj-s2018\drawing-for-kids\debug\jidctflt.sbr
e:\books\year 4\semster 2\focp\cie202-proj-s2018\drawing-for-kids\debug\jerror.sbr
e:\books\year 4\semster 2\focp\cie202-proj-s2018\drawing-for-kids\debug\jdtrans.sbr
e:\books\year 4\semster 2\focp\cie202-proj-s2018\drawing-for-kids\debug\jdsample.sbr
e:\books\year 4\semster 2\focp\cie202-proj-s2018\drawing-for-kids\debug\jdpostct.sbr
e:\books\year 4\semster 2\focp\cie202-proj-s2018\drawing-for-kids\debug\jdphuff.sbr
e:\books\year 4\semster 2\focp\cie202-proj-s2018\drawing-for-kids\debug\jdmerge.sbr
e:\books\year 4\semster 2\focp\cie202-proj-s2018\drawing-for-kids\debug\jdmaster.sbr
e:\books\year 4\semster 2\focp\cie202-proj-s2018\drawing-for-kids\debug\jdmarker.sbr
e:\books\year 4\semster 2\focp\cie202-proj-s2018\drawing-for-kids\debug\jdmainct.sbr
e:\books\year 4\semster 2\focp\cie202-proj-s2018\drawing-for-kids\debug\jdinput.sbr
e:\books\year 4\semster 2\focp\cie202-proj-s2018\drawing-for-kids\debug\jdhuff.sbr
e:\books\year 4\semster 2\focp\cie202-proj-s2018\drawing-for-kids\debug\jdhuff.obj
e:\books\year 4\semster 2\focp\cie202-proj-s2018\drawing-for-kids\debug\jdinput.obj
e:\books\year 4\semster 2\focp\cie202-proj-s2018\drawing-for-kids\debug\jdmainct.obj
e:\books\year 4\semster 2\focp\cie202-proj-s2018\drawing-for-kids\debug\jdmarker.obj
e:\books\year 4\semster 2\focp\cie202-proj-s2018\drawing-for-kids\debug\jdmaster.obj
e:\books\year 4\semster 2\focp\cie202-proj-s2018\drawing-for-kids\debug\jdmerge.obj
e:\books\year 4\semster 2\focp\cie202-proj-s2018\drawing-for-kids\debug\jdphuff.obj
e:\books\year 4\semster 2\focp\cie202-proj-s2018\drawing-for-kids\debug\jdpostct.obj
e:\books\year 4\semster 2\focp\cie202-proj-s2018\drawing-for-kids\debug\jdsample.obj
e:\books\year 4\semster 2\focp\cie202-proj-s2018\drawing-for-kids\debug\jdtrans.obj
e:\books\year 4\semster 2\focp\cie202-proj-s2018\drawing-for-kids\debug\jerror.obj
e:\books\year 4\semster 2\focp\cie202-proj-s2018\drawing-for-kids\debug\jidctflt.obj
e:\books\year 4\semster 2\focp\cie202-proj-s2018\drawing-for-kids\debug\jidctfst.obj
e:\books\year 4\semster 2\focp\cie202-proj-s2018\drawing-for-kids\debug\jidctint.obj
e:\books\year 4\semster 2\focp\cie202-proj-s2018\drawing-for-kids\debug\jidctred.obj
e:\books\year 4\semster 2\focp\cie202-proj-s2018\drawing-for-kids\debug\jmemmgr.obj
e:\books\year 4\semster 2\focp\cie202-proj-s2018\drawing-for-kids\debug\jmemnobs.obj
e:\books\year 4\semster 2\focp\cie202-proj-s2018\drawing-for-kids\debug\jquant1.obj
e:\books\year 4\semster 2\focp\cie202-proj-s2018\drawing-for-kids\debug\jquant2.obj
e:\books\year 4\semster 2\focp\cie202-proj-s2018\drawing-for-kids\debug\jutils.obj
e:\books\year 4\semster 2\focp\cie202-proj-s2018\drawing-for-kids\debug\jddctmgr.sbr
e:\books\year 4\semster 2\focp\cie202-proj-s2018\drawing-for-kids\debug\jdcolor.sbr
e:\books\year 4\semster 2\focp\cie202-proj-s2018\drawing-for-kids\debug\jdcoefct.sbr
e:\books\year 4\semster 2\focp\cie202-proj-s2018\drawing-for-kids\debug\jdatasrc.sbr
e:\books\year 4\semster 2\focp\cie202-proj-s2018\drawing-for-kids\debug\jdapistd.sbr
e:\books\year 4\semster 2\focp\cie202-proj-s2018\drawing-for-kids\debug\jdapimin.sbr
e:\books\year 4\semster 2\focp\cie202-proj-s2018\drawing-for-kids\debug\jcparam.sbr
e:\books\year 4\semster 2\focp\cie202-proj-s2018\drawing-for-kids\debug\jcomapi.sbr
e:\books\year 4\semster 2\focp\cie202-proj-s2018\drawing-for-kids\debug\jpegload.sbr
e:\books\year 4\semster 2\focp\cie202-proj-s2018\drawing-for-kids\debug\jpegload.obj
e:\books\year 4\semster 2\focp\cie202-proj-s2018\drawing-for-kids\debug\jcomapi.obj
e:\books\year 4\semster 2\focp\cie202-proj-s2018\drawing-for-kids\debug\jcparam.obj
e:\books\year 4\semster 2\focp\cie202-proj-s2018\drawing-for-kids\debug\jdapimin.obj
e:\books\year 4\semster 2\focp\cie202-proj-s2018\drawing-for-kids\debug\jdapistd.obj
e:\books\year 4\semster 2\focp\cie202-proj-s2018\drawing-for-kids\debug\jdatasrc.obj
e:\books\year 4\semster 2\focp\cie202-proj-s2018\drawing-for-kids\debug\jdcoefct.obj
e:\books\year 4\semster 2\focp\cie202-proj-s2018\drawing-for-kids\debug\jdcolor.obj
e:\books\year 4\semster 2\focp\cie202-proj-s2018\drawing-for-kids\debug\jddctmgr.obj
e:\books\year 4\semster 2\focp\cie202-proj-s2018\drawing-for-kids\debug\actionshape.sbr
e:\books\year 4\semster 2\focp\cie202-proj-s2018\drawing-for-kids\debug\actionshape.obj
e:\books\year 4\semster 2\focp\cie202-proj-s2018\drawing-for-kids\debug\actionexit.sbr
e:\books\year 4\semster 2\focp\cie202-proj-s2018\drawing-for-kids\debug\actionexit.obj
e:\books\year 4\semster 2\focp\cie202-proj-s2018\drawing-for-kids\debug\pt project.ilk
e:\books\year 4\semster 2\focp\cie202-proj-s2018\drawing-for-kids\debug\pt project.exe
e:\books\year 4\semster 2\focp\cie202-proj-s2018\drawing-for-kids\debug\pt project.pdb
e:\books\year 4\semster 2\focp\cie202-proj-s2018\drawing-for-kids\.\debug\pt project.exe
e:\books\year 4\semster 2\focp\cie202-proj-s2018\drawing-for-kids\debug\pt project.tlog\bscmake.command.1.tlog
e:\books\year 4\semster 2\focp\cie202-proj-s2018\drawing-for-kids\debug\pt project.tlog\bscmake.read.1.tlog
e:\books\year 4\semster 2\focp\cie202-proj-s2018\drawing-for-kids\debug\pt project.tlog\bscmake.write.1.tlog
e:\books\year 4\semster 2\focp\cie202-proj-s2018\drawing-for-kids\debug\pt project.tlog\cl.command.1.tlog
e:\books\year 4\semster 2\focp\cie202-proj-s2018\drawing-for-kids\debug\pt project.tlog\cl.read.1.tlog
e:\books\year 4\semster 2\focp\cie202-proj-s2018\drawing-for-kids\debug\pt project.tlog\cl.write.1.tlog
e:\books\year 4\semster 2\focp\cie202-proj-s2018\drawing-for-kids\debug\pt project.tlog\link.command.1.tlog
e:\books\year 4\semster 2\focp\cie202-proj-s2018\drawing-for-kids\debug\pt project.tlog\link.read.1.tlog
e:\books\year 4\semster 2\focp\cie202-proj-s2018\drawing-for-kids\debug\pt project.tlog\link.write.1.tlog
